{
  "stats": {
    "suites": 2,
    "tests": 7,
    "passes": 6,
    "pending": 1,
    "failures": 0,
    "start": "2024-04-21T14:55:51.234Z",
    "end": "2024-04-21T14:55:53.023Z",
    "duration": 1789,
    "testsRegistered": 7,
    "passPercent": 100,
    "pendingPercent": 14.285714285714285,
    "other": 0,
    "hasOther": false,
    "skipped": 0,
    "hasSkipped": false
  },
  "results": [
    {
      "uuid": "a40e580a-371c-4b92-91a0-4cd673412e82",
      "title": "",
      "fullFile": "",
      "file": "",
      "beforeHooks": [],
      "afterHooks": [],
      "tests": [],
      "suites": [
        {
          "uuid": "1efa9178-fff9-4fdd-a961-a0c385adcf54",
          "title": "Currency Exchange API",
          "fullFile": "/Users/kod/payrails-alphavantage-test/api-tests/currency_exchange_api.js",
          "file": "/api-tests/currency_exchange_api.js",
          "beforeHooks": [],
          "afterHooks": [],
          "tests": [
            {
              "title": "GET the exchange rate from Bitcoin to Chinese Yuan",
              "fullTitle": "Currency Exchange API GET the exchange rate from Bitcoin to Chinese Yuan",
              "timedOut": false,
              "duration": 278,
              "state": "passed",
              "speed": "slow",
              "pass": true,
              "fail": false,
              "pending": false,
              "context": null,
              "code": "// Define the parameters for the request\nlet FROM_CURRENCY = \"BTC\";\nlet TO_CURRENCY = \"CNY\";\n// Make a request to the API\nconst request = await axios.get(\n  `${BASE_URL}/query?function=${FUNCTION}&from_currency=${FROM_CURRENCY}&to_currency=${TO_CURRENCY}&apikey=${API_KEY}`\n);\nconst response = request;\nconsole.log(response.data);\n//assert response status and error\nexpect(response.status).to.equal(200);\nassert(!response.data.error);\n// Assert response time is less than 1 second\nconst startTime = new Date().getTime();\nconst endTime = new Date().getTime();\nconst responseTime = endTime - startTime;\nconsole.log(responseTime);\nexpect(responseTime).to.be.lessThan(1000); // 1 second",
              "err": {},
              "uuid": "f98142a8-6997-49cf-9b11-0f9dc96ea774",
              "parentUUID": "1efa9178-fff9-4fdd-a961-a0c385adcf54",
              "isHook": false,
              "skipped": false
            },
            {
              "title": "GET the exchange rate without providing the API key",
              "fullTitle": "Currency Exchange API GET the exchange rate without providing the API key",
              "timedOut": false,
              "duration": 141,
              "state": "passed",
              "speed": "slow",
              "pass": true,
              "fail": false,
              "pending": false,
              "context": null,
              "code": "let FROM_CURRENCY = \"EUR\";\nlet TO_CURRENCY = \"USD\";\n// Make a GET request to the API with API key = NULL\nconst request = await axios.get(\n  `${BASE_URL}/query?function=${FUNCTION}&from_currency=${FROM_CURRENCY}&to_currency=${TO_CURRENCY}`\n);\nconst response = request;\nconsole.log(response.data);\n//assert response status and error\nexpect(response.status).to.equal(200); // expected response status should be 401\nassert(!response.data.error);\nassert.property(response.data, \"Error Message\");\nassert.equal(\n  response.data[\"Error Message\"],\n  \"the parameter apikey is invalid or missing. Please claim your free API key on (https://www.alphavantage.co//support/#api-key). It should take less than 20 seconds.\"\n);",
              "err": {},
              "uuid": "ba16b21b-829c-4ac8-8de2-00385a5ea451",
              "parentUUID": "1efa9178-fff9-4fdd-a961-a0c385adcf54",
              "isHook": false,
              "skipped": false
            },
            {
              "title": "GET the exchange rate from BTC to EUR with missing required parameters",
              "fullTitle": "Currency Exchange API GET the exchange rate from BTC to EUR with missing required parameters",
              "timedOut": false,
              "duration": 148,
              "state": "passed",
              "speed": "slow",
              "pass": true,
              "fail": false,
              "pending": false,
              "context": null,
              "code": "let FROM_CURRENCY = \"BTC\";\nlet TO_CURRENCY = \"EUR\";\n//Make a GET request to the API endpoint without the function parameter\nconst request = await axios.get(\n  `${BASE_URL}/query?from_currency=${FROM_CURRENCY}&to_currency=${TO_CURRENCY}&apikey=${API_KEY}`\n);\nconst response = request;\nconsole.log(response.data.error);\nexpect(response.status).to.equal(200); // expected response status 400\nassert(!response.data.error);",
              "err": {},
              "uuid": "8f062958-1784-4d66-93ec-f414d22549ab",
              "parentUUID": "1efa9178-fff9-4fdd-a961-a0c385adcf54",
              "isHook": false,
              "skipped": false
            },
            {
              "title": "Perform request to the API with a restricted method",
              "fullTitle": "Currency Exchange API Perform request to the API with a restricted method",
              "timedOut": false,
              "duration": 0,
              "state": "pending",
              "speed": null,
              "pass": false,
              "fail": false,
              "pending": true,
              "context": null,
              "code": "",
              "err": {},
              "uuid": "e25ef6b2-679a-42d0-919d-02f41f3c5ec1",
              "parentUUID": "1efa9178-fff9-4fdd-a961-a0c385adcf54",
              "isHook": false,
              "skipped": false
            }
          ],
          "suites": [],
          "passes": [
            "f98142a8-6997-49cf-9b11-0f9dc96ea774",
            "ba16b21b-829c-4ac8-8de2-00385a5ea451",
            "8f062958-1784-4d66-93ec-f414d22549ab"
          ],
          "failures": [],
          "pending": [
            "e25ef6b2-679a-42d0-919d-02f41f3c5ec1"
          ],
          "skipped": [],
          "duration": 567,
          "root": false,
          "rootEmpty": false,
          "_timeout": 2000
        },
        {
          "uuid": "8136bfa1-a470-4263-9dfa-44ca332aa9e5",
          "title": "News Sentiment API",
          "fullFile": "/Users/kod/payrails-alphavantage-test/api-tests/news_sentiment_api.js",
          "file": "/api-tests/news_sentiment_api.js",
          "beforeHooks": [],
          "afterHooks": [],
          "tests": [
            {
              "title": "Verify a valid request to the News Sentiment API",
              "fullTitle": "News Sentiment API Verify a valid request to the News Sentiment API",
              "timedOut": false,
              "duration": 410,
              "state": "passed",
              "speed": "slow",
              "pass": true,
              "fail": false,
              "pending": false,
              "context": null,
              "code": "let tickers = \"GOOG\"; //  AAPL,GOOG,MSFT\nconst request = await axios.get(\n  `${BASE_URL}/query?function=${FUNCTION}&tickers=${tickers}&outputsize=full&apikey=demo&apiKey=${API_KEY}`\n);\nconst response = request.data;\n// Check that the response has a sentiment score\nexpect(response).to.be.an(\"object\");\nassert.equal(response[\"Error Message\"], null);",
              "err": {},
              "uuid": "e68619d0-5003-43a3-96af-d40b19baed1e",
              "parentUUID": "8136bfa1-a470-4263-9dfa-44ca332aa9e5",
              "isHook": false,
              "skipped": false
            },
            {
              "title": "Get news articles with missing or invalid API key",
              "fullTitle": "News Sentiment API Get news articles with missing or invalid API key",
              "timedOut": false,
              "duration": 404,
              "state": "passed",
              "speed": "slow",
              "pass": true,
              "fail": false,
              "pending": false,
              "context": null,
              "code": "let tickers = \"AAPL\"; //  AAPL,GOOG,MSFT\nlet API_KEY = \"\";\nconst request = await axios.get(\n  `${BASE_URL}/query?function=${FUNCTION}&tickers=${tickers}&outputsize=full&apiKey=${API_KEY}`\n);\nconst response = request;\n// Check that the response has an error message\nexpect(response.status).to.equal(200);\nassert(!response.data.error);\nassert.property(response.data, \"Error Message\");\nassert.equal(\n  response.data[\"Error Message\"],\n  \"the parameter apikey is invalid or missing. Please claim your free API key on (https://www.alphavantage.co//support/#api-key). It should take less than 20 seconds.\"\n);",
              "err": {},
              "uuid": "de12d6f1-f22a-4823-9b01-52129f27f59f",
              "parentUUID": "8136bfa1-a470-4263-9dfa-44ca332aa9e5",
              "isHook": false,
              "skipped": false
            },
            {
              "title": "Get news articles with invalid news with missing required parameters",
              "fullTitle": "News Sentiment API Get news articles with invalid news with missing required parameters",
              "timedOut": false,
              "duration": 401,
              "state": "passed",
              "speed": "slow",
              "pass": true,
              "fail": false,
              "pending": false,
              "context": null,
              "code": "let FUNCTION = \"NEWS_ERROR\";\nlet tickers = \"\";\nconst request = await axios.get(`${BASE_URL}/query?&function=${FUNCTION}&tickers=${tickers}&outputsize=full&apiKey=${API_KEY}`);\nconst response = request;\n// Check that the response has an error message\nexpect(response.status).to.equal(200);\nassert.property(response.data, \"Error Message\");",
              "err": {},
              "uuid": "fe701eee-e66e-410c-bba6-8b4d62de87d0",
              "parentUUID": "8136bfa1-a470-4263-9dfa-44ca332aa9e5",
              "isHook": false,
              "skipped": false
            }
          ],
          "suites": [],
          "passes": [
            "e68619d0-5003-43a3-96af-d40b19baed1e",
            "de12d6f1-f22a-4823-9b01-52129f27f59f",
            "fe701eee-e66e-410c-bba6-8b4d62de87d0"
          ],
          "failures": [],
          "pending": [],
          "skipped": [],
          "duration": 1215,
          "root": false,
          "rootEmpty": false,
          "_timeout": 2000
        }
      ],
      "passes": [],
      "failures": [],
      "pending": [],
      "skipped": [],
      "duration": 0,
      "root": true,
      "rootEmpty": true,
      "_timeout": 2000
    }
  ],
  "meta": {
    "mocha": {
      "version": "10.4.0"
    },
    "mochawesome": {
      "options": {
        "quiet": false,
        "reportFilename": "mochawesome",
        "saveHtml": true,
        "saveJson": true,
        "consoleReporter": "spec",
        "useInlineDiffs": false,
        "code": true
      },
      "version": "7.1.3"
    },
    "marge": {
      "options": null,
      "version": "6.2.0"
    }
  }
}